{"C:\\Users\\User\\Desktop\\ThirdYear\\פיתוח אפליקציות אינטרנטיות\\WebDev2Ex2\\src\\index.ts": {"path":"C:\\Users\\User\\Desktop\\ThirdYear\\פיתוח אפליקציות אינטרנטיות\\WebDev2Ex2\\src\\index.ts","statementMap":{"0":{"start":{"line":1,"column":0},"end":{"line":1,"column":43}},"1":{"start":{"line":2,"column":0},"end":{"line":2,"column":32}},"2":{"start":{"line":3,"column":0},"end":{"line":3,"column":43}},"3":{"start":{"line":4,"column":0},"end":{"line":4,"column":36}},"4":{"start":{"line":6,"column":0},"end":{"line":6,"column":43}},"5":{"start":{"line":7,"column":0},"end":{"line":7,"column":49}},"6":{"start":{"line":8,"column":0},"end":{"line":8,"column":43}},"7":{"start":{"line":9,"column":0},"end":{"line":9,"column":43}},"8":{"start":{"line":11,"column":0},"end":{"line":11,"column":28}},"9":{"start":{"line":12,"column":0},"end":{"line":12,"column":34}},"10":{"start":{"line":14,"column":12},"end":{"line":14,"column":21}},"11":{"start":{"line":15,"column":0},"end":{"line":15,"column":24}},"12":{"start":{"line":16,"column":0},"end":{"line":16,"column":28}},"13":{"start":{"line":17,"column":0},"end":{"line":17,"column":34}},"14":{"start":{"line":18,"column":0},"end":{"line":18,"column":28}},"15":{"start":{"line":19,"column":0},"end":{"line":19,"column":28}},"16":{"start":{"line":20,"column":0},"end":{"line":20,"column":68}},"17":{"start":{"line":22,"column":16},"end":{"line":39,"column":1}},"18":{"start":{"line":23,"column":13},"end":{"line":37,"column":2}},"19":{"start":{"line":24,"column":18},"end":{"line":24,"column":42}},"20":{"start":{"line":25,"column":4},"end":{"line":28,"column":5}},"21":{"start":{"line":26,"column":6},"end":{"line":26,"column":44}},"22":{"start":{"line":27,"column":6},"end":{"line":27,"column":13}},"23":{"start":{"line":29,"column":4},"end":{"line":32,"column":6}},"24":{"start":{"line":31,"column":6},"end":{"line":31,"column":19}},"25":{"start":{"line":33,"column":13},"end":{"line":33,"column":32}},"26":{"start":{"line":34,"column":2},"end":{"line":34,"column":50}},"27":{"start":{"line":34,"column":28},"end":{"line":34,"column":48}},"28":{"start":{"line":35,"column":2},"end":{"line":35,"column":62}},"29":{"start":{"line":35,"column":24},"end":{"line":35,"column":60}},"30":{"start":{"line":38,"column":2},"end":{"line":38,"column":12}},"31":{"start":{"line":41,"column":0},"end":{"line":41,"column":23}}},"fnMap":{"0":{"name":"(anonymous_1)","decl":{"start":{"line":22,"column":16},"end":{"line":22,"column":19}},"loc":{"start":{"line":22,"column":21},"end":{"line":39,"column":1}}},"1":{"name":"(anonymous_2)","decl":{"start":{"line":23,"column":34},"end":{"line":23,"column":35}},"loc":{"start":{"line":23,"column":54},"end":{"line":37,"column":1}}},"2":{"name":"(anonymous_3)","decl":{"start":{"line":30,"column":10},"end":{"line":30,"column":13}},"loc":{"start":{"line":30,"column":15},"end":{"line":31,"column":19}}},"3":{"name":"(anonymous_4)","decl":{"start":{"line":34,"column":17},"end":{"line":34,"column":18}},"loc":{"start":{"line":34,"column":28},"end":{"line":34,"column":48}}},"4":{"name":"(anonymous_5)","decl":{"start":{"line":35,"column":18},"end":{"line":35,"column":21}},"loc":{"start":{"line":35,"column":24},"end":{"line":35,"column":60}}}},"branchMap":{"0":{"loc":{"start":{"line":25,"column":4},"end":{"line":28,"column":5}},"type":"if","locations":[{"start":{"line":25,"column":4},"end":{"line":28,"column":5}},{"start":{},"end":{}}]}},"s":{"0":4,"1":4,"2":4,"3":4,"4":4,"5":4,"6":4,"7":4,"8":4,"9":4,"10":4,"11":4,"12":4,"13":4,"14":4,"15":4,"16":4,"17":4,"18":4,"19":4,"20":4,"21":0,"22":0,"23":4,"24":4,"25":4,"26":4,"27":0,"28":4,"29":4,"30":4,"31":4},"f":{"0":4,"1":4,"2":4,"3":0,"4":4},"b":{"0":[0,4]}}
,"C:\\Users\\User\\Desktop\\ThirdYear\\פיתוח אפליקציות אינטרנטיות\\WebDev2Ex2\\src\\swagger.ts": {"path":"C:\\Users\\User\\Desktop\\ThirdYear\\פיתוח אפליקציות אינטרנטיות\\WebDev2Ex2\\src\\swagger.ts","statementMap":{"0":{"start":{"line":1,"column":20},"end":{"line":127,"column":2}},"1":{"start":{"line":129,"column":0},"end":{"line":129,"column":27}}},"fnMap":{},"branchMap":{},"s":{"0":4,"1":4},"f":{},"b":{}}
,"C:\\Users\\User\\Desktop\\ThirdYear\\פיתוח אפליקציות אינטרנטיות\\WebDev2Ex2\\src\\controllers\\authController.ts": {"path":"C:\\Users\\User\\Desktop\\ThirdYear\\פיתוח אפליקציות אינטרנטיות\\WebDev2Ex2\\src\\controllers\\authController.ts","statementMap":{"0":{"start":{"line":2,"column":0},"end":{"line":2,"column":39}},"1":{"start":{"line":3,"column":0},"end":{"line":3,"column":28}},"2":{"start":{"line":4,"column":0},"end":{"line":4,"column":31}},"3":{"start":{"line":11,"column":18},"end":{"line":13,"column":1}},"4":{"start":{"line":12,"column":4},"end":{"line":12,"column":39}},"5":{"start":{"line":18,"column":22},"end":{"line":26,"column":1}},"6":{"start":{"line":19,"column":23},"end":{"line":19,"column":64}},"7":{"start":{"line":20,"column":30},"end":{"line":20,"column":86}},"8":{"start":{"line":21,"column":32},"end":{"line":21,"column":78}},"9":{"start":{"line":22,"column":39},"end":{"line":22,"column":95}},"10":{"start":{"line":23,"column":22},"end":{"line":23,"column":96}},"11":{"start":{"line":24,"column":29},"end":{"line":24,"column":146}},"12":{"start":{"line":25,"column":8},"end":{"line":25,"column":39}},"13":{"start":{"line":28,"column":17},"end":{"line":59,"column":2}},"14":{"start":{"line":28,"column":55},"end":{"line":59,"column":2}},"15":{"start":{"line":30,"column":32},"end":{"line":30,"column":40}},"16":{"start":{"line":33,"column":4},"end":{"line":35,"column":5}},"17":{"start":{"line":34,"column":8},"end":{"line":34,"column":65}},"18":{"start":{"line":36,"column":4},"end":{"line":57,"column":5}},"19":{"start":{"line":39,"column":17},"end":{"line":39,"column":41}},"20":{"start":{"line":40,"column":30},"end":{"line":40,"column":63}},"21":{"start":{"line":43,"column":20},"end":{"line":43,"column":77}},"22":{"start":{"line":46,"column":36},"end":{"line":46,"column":88}},"23":{"start":{"line":49,"column":4},"end":{"line":49,"column":45}},"24":{"start":{"line":50,"column":4},"end":{"line":50,"column":25}},"25":{"start":{"line":53,"column":4},"end":{"line":53,"column":75}},"26":{"start":{"line":56,"column":8},"end":{"line":56,"column":66}},"27":{"start":{"line":60,"column":14},"end":{"line":90,"column":2}},"28":{"start":{"line":60,"column":52},"end":{"line":90,"column":2}},"29":{"start":{"line":61,"column":32},"end":{"line":61,"column":40}},"30":{"start":{"line":62,"column":4},"end":{"line":64,"column":5}},"31":{"start":{"line":63,"column":8},"end":{"line":63,"column":65}},"32":{"start":{"line":66,"column":4},"end":{"line":89,"column":5}},"33":{"start":{"line":67,"column":21},"end":{"line":67,"column":50}},"34":{"start":{"line":68,"column":8},"end":{"line":70,"column":9}},"35":{"start":{"line":69,"column":12},"end":{"line":69,"column":68}},"36":{"start":{"line":71,"column":32},"end":{"line":71,"column":77}},"37":{"start":{"line":72,"column":8},"end":{"line":74,"column":9}},"38":{"start":{"line":73,"column":12},"end":{"line":73,"column":68}},"39":{"start":{"line":77,"column":40},"end":{"line":77,"column":86}},"40":{"start":{"line":80,"column":8},"end":{"line":80,"column":46}},"41":{"start":{"line":81,"column":8},"end":{"line":81,"column":26}},"42":{"start":{"line":84,"column":8},"end":{"line":84,"column":79}},"43":{"start":{"line":88,"column":8},"end":{"line":88,"column":65}},"44":{"start":{"line":92,"column":15},"end":{"line":114,"column":2}},"45":{"start":{"line":92,"column":53},"end":{"line":114,"column":2}},"46":{"start":{"line":93,"column":29},"end":{"line":93,"column":37}},"47":{"start":{"line":94,"column":4},"end":{"line":96,"column":5}},"48":{"start":{"line":95,"column":8},"end":{"line":95,"column":59}},"49":{"start":{"line":97,"column":4},"end":{"line":113,"column":5}},"50":{"start":{"line":98,"column":21},"end":{"line":105,"column":null}},"51":{"start":{"line":107,"column":8},"end":{"line":109,"column":9}},"52":{"start":{"line":108,"column":12},"end":{"line":108,"column":64}},"53":{"start":{"line":110,"column":8},"end":{"line":110,"column":69}},"54":{"start":{"line":112,"column":8},"end":{"line":112,"column":66}},"55":{"start":{"line":116,"column":21},"end":{"line":154,"column":2}},"56":{"start":{"line":116,"column":59},"end":{"line":154,"column":2}},"57":{"start":{"line":117,"column":29},"end":{"line":117,"column":37}},"58":{"start":{"line":118,"column":4},"end":{"line":120,"column":5}},"59":{"start":{"line":119,"column":8},"end":{"line":119,"column":59}},"60":{"start":{"line":121,"column":4},"end":{"line":152,"column":5}},"61":{"start":{"line":122,"column":30},"end":{"line":122,"column":86}},"62":{"start":{"line":123,"column":24},"end":{"line":123,"column":79}},"63":{"start":{"line":125,"column":21},"end":{"line":133,"column":null}},"64":{"start":{"line":137,"column":8},"end":{"line":139,"column":9}},"65":{"start":{"line":138,"column":12},"end":{"line":138,"column":64}},"66":{"start":{"line":141,"column":23},"end":{"line":141,"column":69}},"67":{"start":{"line":143,"column":8},"end":{"line":143,"column":null}},"68":{"start":{"line":145,"column":8},"end":{"line":145,"column":26}},"69":{"start":{"line":149,"column":8},"end":{"line":149,"column":37}},"70":{"start":{"line":151,"column":8},"end":{"line":151,"column":71}},"71":{"start":{"line":156,"column":0},"end":{"line":156,"column":null}}},"fnMap":{"0":{"name":"(anonymous_8)","decl":{"start":{"line":11,"column":18},"end":{"line":11,"column":19}},"loc":{"start":{"line":11,"column":73},"end":{"line":13,"column":1}}},"1":{"name":"(anonymous_9)","decl":{"start":{"line":18,"column":22},"end":{"line":18,"column":23}},"loc":{"start":{"line":18,"column":64},"end":{"line":26,"column":1}}},"2":{"name":"(anonymous_10)","decl":{"start":{"line":28,"column":17},"end":{"line":28,"column":24}},"loc":{"start":{"line":28,"column":55},"end":{"line":59,"column":2}}},"3":{"name":"(anonymous_11)","decl":{"start":{"line":28,"column":55},"end":{"line":28,"column":null}},"loc":{"start":{"line":28,"column":55},"end":{"line":59,"column":1}}},"4":{"name":"(anonymous_12)","decl":{"start":{"line":60,"column":14},"end":{"line":60,"column":21}},"loc":{"start":{"line":60,"column":52},"end":{"line":90,"column":2}}},"5":{"name":"(anonymous_13)","decl":{"start":{"line":60,"column":52},"end":{"line":60,"column":null}},"loc":{"start":{"line":60,"column":52},"end":{"line":90,"column":1}}},"6":{"name":"(anonymous_14)","decl":{"start":{"line":92,"column":15},"end":{"line":92,"column":22}},"loc":{"start":{"line":92,"column":53},"end":{"line":114,"column":2}}},"7":{"name":"(anonymous_15)","decl":{"start":{"line":92,"column":53},"end":{"line":92,"column":null}},"loc":{"start":{"line":92,"column":53},"end":{"line":114,"column":1}}},"8":{"name":"(anonymous_16)","decl":{"start":{"line":116,"column":21},"end":{"line":116,"column":28}},"loc":{"start":{"line":116,"column":59},"end":{"line":154,"column":2}}},"9":{"name":"(anonymous_17)","decl":{"start":{"line":116,"column":59},"end":{"line":116,"column":null}},"loc":{"start":{"line":116,"column":59},"end":{"line":154,"column":1}}}},"branchMap":{"0":{"loc":{"start":{"line":11,"column":51},"end":{"line":11,"column":69}},"type":"default-arg","locations":[{"start":{"line":11,"column":66},"end":{"line":11,"column":69}}]},"1":{"loc":{"start":{"line":19,"column":23},"end":{"line":19,"column":64}},"type":"binary-expr","locations":[{"start":{"line":19,"column":23},"end":{"line":19,"column":45}},{"start":{"line":19,"column":49},"end":{"line":19,"column":64}}]},"2":{"loc":{"start":{"line":20,"column":30},"end":{"line":20,"column":86}},"type":"binary-expr","locations":[{"start":{"line":20,"column":30},"end":{"line":20,"column":60}},{"start":{"line":20,"column":64},"end":{"line":20,"column":86}}]},"3":{"loc":{"start":{"line":21,"column":41},"end":{"line":21,"column":77}},"type":"binary-expr","locations":[{"start":{"line":21,"column":41},"end":{"line":21,"column":67}},{"start":{"line":21,"column":71},"end":{"line":21,"column":77}}]},"4":{"loc":{"start":{"line":22,"column":48},"end":{"line":22,"column":94}},"type":"binary-expr","locations":[{"start":{"line":22,"column":48},"end":{"line":22,"column":82}},{"start":{"line":22,"column":86},"end":{"line":22,"column":94}}]},"5":{"loc":{"start":{"line":33,"column":4},"end":{"line":35,"column":5}},"type":"if","locations":[{"start":{"line":33,"column":4},"end":{"line":35,"column":5}},{"start":{},"end":{}}]},"6":{"loc":{"start":{"line":33,"column":8},"end":{"line":33,"column":27}},"type":"binary-expr","locations":[{"start":{"line":33,"column":8},"end":{"line":33,"column":14}},{"start":{"line":33,"column":18},"end":{"line":33,"column":27}}]},"7":{"loc":{"start":{"line":62,"column":4},"end":{"line":64,"column":5}},"type":"if","locations":[{"start":{"line":62,"column":4},"end":{"line":64,"column":5}},{"start":{},"end":{}}]},"8":{"loc":{"start":{"line":62,"column":8},"end":{"line":62,"column":27}},"type":"binary-expr","locations":[{"start":{"line":62,"column":8},"end":{"line":62,"column":14}},{"start":{"line":62,"column":18},"end":{"line":62,"column":27}}]},"9":{"loc":{"start":{"line":68,"column":8},"end":{"line":70,"column":9}},"type":"if","locations":[{"start":{"line":68,"column":8},"end":{"line":70,"column":9}},{"start":{},"end":{}}]},"10":{"loc":{"start":{"line":72,"column":8},"end":{"line":74,"column":9}},"type":"if","locations":[{"start":{"line":72,"column":8},"end":{"line":74,"column":9}},{"start":{},"end":{}}]},"11":{"loc":{"start":{"line":94,"column":4},"end":{"line":96,"column":5}},"type":"if","locations":[{"start":{"line":94,"column":4},"end":{"line":96,"column":5}},{"start":{},"end":{}}]},"12":{"loc":{"start":{"line":107,"column":8},"end":{"line":109,"column":9}},"type":"if","locations":[{"start":{"line":107,"column":8},"end":{"line":109,"column":9}},{"start":{},"end":{}}]},"13":{"loc":{"start":{"line":118,"column":4},"end":{"line":120,"column":5}},"type":"if","locations":[{"start":{"line":118,"column":4},"end":{"line":120,"column":5}},{"start":{},"end":{}}]},"14":{"loc":{"start":{"line":122,"column":30},"end":{"line":122,"column":86}},"type":"binary-expr","locations":[{"start":{"line":122,"column":30},"end":{"line":122,"column":60}},{"start":{"line":122,"column":64},"end":{"line":122,"column":86}}]},"15":{"loc":{"start":{"line":137,"column":8},"end":{"line":139,"column":9}},"type":"if","locations":[{"start":{"line":137,"column":8},"end":{"line":139,"column":9}},{"start":{},"end":{}}]}},"s":{"0":4,"1":4,"2":4,"3":4,"4":3,"5":4,"6":10,"7":10,"8":10,"9":10,"10":10,"11":10,"12":10,"13":4,"14":6,"15":6,"16":6,"17":0,"18":6,"19":6,"20":6,"21":6,"22":6,"23":6,"24":6,"25":6,"26":0,"27":4,"28":1,"29":1,"30":1,"31":0,"32":1,"33":1,"34":1,"35":0,"36":1,"37":1,"38":0,"39":1,"40":1,"41":1,"42":1,"43":0,"44":4,"45":1,"46":1,"47":1,"48":0,"49":1,"50":1,"51":1,"52":0,"53":1,"54":0,"55":4,"56":6,"57":6,"58":6,"59":0,"60":6,"61":6,"62":6,"63":6,"64":6,"65":3,"66":3,"67":3,"68":3,"69":3,"70":0,"71":4},"f":{"0":3,"1":10,"2":6,"3":6,"4":1,"5":1,"6":1,"7":1,"8":6,"9":6},"b":{"0":[0],"1":[10,0],"2":[10,0],"3":[10,0],"4":[10,0],"5":[0,6],"6":[6,6],"7":[0,1],"8":[1,1],"9":[0,1],"10":[0,1],"11":[0,1],"12":[0,1],"13":[0,6],"14":[6,0],"15":[3,3]}}
,"C:\\Users\\User\\Desktop\\ThirdYear\\פיתוח אפליקציות אינטרנטיות\\WebDev2Ex2\\src\\controllers\\baseController.ts": {"path":"C:\\Users\\User\\Desktop\\ThirdYear\\פיתוח אפליקציות אינטרנטיות\\WebDev2Ex2\\src\\controllers\\baseController.ts","statementMap":{"0":{"start":{"line":7,"column":8},"end":{"line":7,"column":27}},"1":{"start":{"line":10,"column":2},"end":{"line":21,"column":3}},"2":{"start":{"line":11,"column":4},"end":{"line":17,"column":5}},"3":{"start":{"line":12,"column":25},"end":{"line":12,"column":57}},"4":{"start":{"line":13,"column":6},"end":{"line":13,"column":34}},"5":{"start":{"line":15,"column":19},"end":{"line":15,"column":42}},"6":{"start":{"line":16,"column":6},"end":{"line":16,"column":21}},"7":{"start":{"line":19,"column":4},"end":{"line":19,"column":23}},"8":{"start":{"line":20,"column":4},"end":{"line":20,"column":50}},"9":{"start":{"line":25,"column":13},"end":{"line":25,"column":26}},"10":{"start":{"line":26,"column":2},"end":{"line":36,"column":3}},"11":{"start":{"line":27,"column":17},"end":{"line":27,"column":46}},"12":{"start":{"line":29,"column":4},"end":{"line":31,"column":5}},"13":{"start":{"line":30,"column":6},"end":{"line":30,"column":52}},"14":{"start":{"line":32,"column":4},"end":{"line":32,"column":19}},"15":{"start":{"line":34,"column":4},"end":{"line":34,"column":23}},"16":{"start":{"line":35,"column":4},"end":{"line":35,"column":56}},"17":{"start":{"line":40,"column":15},"end":{"line":40,"column":23}},"18":{"start":{"line":41,"column":2},"end":{"line":47,"column":3}},"19":{"start":{"line":42,"column":20},"end":{"line":42,"column":49}},"20":{"start":{"line":43,"column":4},"end":{"line":43,"column":34}},"21":{"start":{"line":45,"column":4},"end":{"line":45,"column":23}},"22":{"start":{"line":46,"column":4},"end":{"line":46,"column":48}},"23":{"start":{"line":51,"column":13},"end":{"line":51,"column":26}},"24":{"start":{"line":52,"column":2},"end":{"line":61,"column":3}},"25":{"start":{"line":53,"column":24},"end":{"line":53,"column":62}},"26":{"start":{"line":54,"column":4},"end":{"line":56,"column":5}},"27":{"start":{"line":55,"column":6},"end":{"line":55,"column":52}},"28":{"start":{"line":57,"column":4},"end":{"line":57,"column":42}},"29":{"start":{"line":59,"column":4},"end":{"line":59,"column":23}},"30":{"start":{"line":60,"column":4},"end":{"line":60,"column":48}},"31":{"start":{"line":65,"column":13},"end":{"line":65,"column":26}},"32":{"start":{"line":66,"column":22},"end":{"line":66,"column":30}},"33":{"start":{"line":67,"column":2},"end":{"line":75,"column":3}},"34":{"start":{"line":68,"column":17},"end":{"line":70,"column":6}},"35":{"start":{"line":71,"column":4},"end":{"line":71,"column":19}},"36":{"start":{"line":73,"column":4},"end":{"line":73,"column":23}},"37":{"start":{"line":74,"column":4},"end":{"line":74,"column":48}},"38":{"start":{"line":79,"column":0},"end":{"line":79,"column":30}}},"fnMap":{"0":{"name":"(anonymous_7)","decl":{"start":{"line":6,"column":4},"end":{"line":6,"column":16}},"loc":{"start":{"line":6,"column":26},"end":{"line":8,"column":5}}},"1":{"name":"(anonymous_8)","decl":{"start":{"line":9,"column":10},"end":{"line":9,"column":16}},"loc":{"start":{"line":9,"column":44},"end":{"line":22,"column":2}}},"2":{"name":"(anonymous_10)","decl":{"start":{"line":24,"column":6},"end":{"line":24,"column":13}},"loc":{"start":{"line":24,"column":41},"end":{"line":37,"column":2}}},"3":{"name":"(anonymous_12)","decl":{"start":{"line":39,"column":6},"end":{"line":39,"column":12}},"loc":{"start":{"line":39,"column":40},"end":{"line":48,"column":2}}},"4":{"name":"(anonymous_14)","decl":{"start":{"line":50,"column":6},"end":{"line":50,"column":9}},"loc":{"start":{"line":50,"column":37},"end":{"line":62,"column":2}}},"5":{"name":"(anonymous_16)","decl":{"start":{"line":64,"column":6},"end":{"line":64,"column":12}},"loc":{"start":{"line":64,"column":40},"end":{"line":76,"column":2}}}},"branchMap":{"0":{"loc":{"start":{"line":11,"column":4},"end":{"line":17,"column":5}},"type":"if","locations":[{"start":{"line":11,"column":4},"end":{"line":17,"column":5}},{"start":{"line":14,"column":11},"end":{"line":17,"column":5}}]},"1":{"loc":{"start":{"line":29,"column":4},"end":{"line":31,"column":5}},"type":"if","locations":[{"start":{"line":29,"column":4},"end":{"line":31,"column":5}},{"start":{},"end":{}}]},"2":{"loc":{"start":{"line":54,"column":4},"end":{"line":56,"column":5}},"type":"if","locations":[{"start":{"line":54,"column":4},"end":{"line":56,"column":5}},{"start":{},"end":{}}]}},"s":{"0":12,"1":5,"2":5,"3":5,"4":5,"5":0,"6":0,"7":0,"8":0,"9":11,"10":11,"11":11,"12":11,"13":4,"14":7,"15":0,"16":0,"17":10,"18":10,"19":10,"20":10,"21":0,"22":0,"23":3,"24":3,"25":3,"26":3,"27":0,"28":3,"29":0,"30":0,"31":3,"32":3,"33":3,"34":3,"35":3,"36":0,"37":0,"38":4},"f":{"0":12,"1":5,"2":11,"3":10,"4":3,"5":3},"b":{"0":[5,0],"1":[4,7],"2":[0,3]}}
,"C:\\Users\\User\\Desktop\\ThirdYear\\פיתוח אפליקציות אינטרנטיות\\WebDev2Ex2\\src\\controllers\\commentController.ts": {"path":"C:\\Users\\User\\Desktop\\ThirdYear\\פיתוח אפליקציות אינטרנטיות\\WebDev2Ex2\\src\\controllers\\commentController.ts","statementMap":{"0":{"start":{"line":1,"column":0},"end":{"line":1,"column":50}},"1":{"start":{"line":2,"column":0},"end":{"line":2,"column":44}},"2":{"start":{"line":3,"column":0},"end":{"line":3,"column":46}},"3":{"start":{"line":9,"column":8},"end":{"line":9,"column":28}},"4":{"start":{"line":12,"column":23},"end":{"line":12,"column":45}},"5":{"start":{"line":13,"column":20},"end":{"line":13,"column":28}},"6":{"start":{"line":14,"column":8},"end":{"line":14,"column":31}},"7":{"start":{"line":15,"column":23},"end":{"line":15,"column":72}},"8":{"start":{"line":16,"column":8},"end":{"line":16,"column":28}},"9":{"start":{"line":19,"column":8},"end":{"line":19,"column":37}},"10":{"start":{"line":22,"column":31},"end":{"line":22,"column":142}},"11":{"start":{"line":23,"column":8},"end":{"line":25,"column":9}},"12":{"start":{"line":24,"column":12},"end":{"line":24,"column":19}},"13":{"start":{"line":26,"column":8},"end":{"line":26,"column":37}},"14":{"start":{"line":29,"column":21},"end":{"line":29,"column":53}},"15":{"start":{"line":30,"column":8},"end":{"line":32,"column":9}},"16":{"start":{"line":31,"column":12},"end":{"line":31,"column":19}},"17":{"start":{"line":33,"column":8},"end":{"line":33,"column":36}},"18":{"start":{"line":34,"column":8},"end":{"line":34,"column":26}},"19":{"start":{"line":35,"column":8},"end":{"line":35,"column":15}},"20":{"start":{"line":39,"column":23},"end":{"line":39,"column":36}},"21":{"start":{"line":40,"column":25},"end":{"line":40,"column":66}},"22":{"start":{"line":41,"column":8},"end":{"line":41,"column":27}},"23":{"start":{"line":45,"column":23},"end":{"line":45,"column":45}},"24":{"start":{"line":46,"column":26},"end":{"line":46,"column":39}},"25":{"start":{"line":47,"column":24},"end":{"line":47,"column":62}},"26":{"start":{"line":48,"column":8},"end":{"line":50,"column":9}},"27":{"start":{"line":49,"column":12},"end":{"line":49,"column":19}},"28":{"start":{"line":51,"column":8},"end":{"line":54,"column":9}},"29":{"start":{"line":52,"column":11},"end":{"line":52,"column":97}},"30":{"start":{"line":53,"column":11},"end":{"line":53,"column":18}},"31":{"start":{"line":55,"column":8},"end":{"line":55,"column":38}},"32":{"start":{"line":59,"column":23},"end":{"line":59,"column":45}},"33":{"start":{"line":60,"column":26},"end":{"line":60,"column":39}},"34":{"start":{"line":61,"column":24},"end":{"line":61,"column":62}},"35":{"start":{"line":62,"column":8},"end":{"line":64,"column":9}},"36":{"start":{"line":63,"column":12},"end":{"line":63,"column":19}},"37":{"start":{"line":65,"column":8},"end":{"line":68,"column":9}},"38":{"start":{"line":66,"column":14},"end":{"line":66,"column":100}},"39":{"start":{"line":67,"column":16},"end":{"line":67,"column":23}},"40":{"start":{"line":71,"column":21},"end":{"line":71,"column":61}},"41":{"start":{"line":72,"column":8},"end":{"line":75,"column":9}},"42":{"start":{"line":73,"column":12},"end":{"line":73,"column":86}},"43":{"start":{"line":73,"column":57},"end":{"line":73,"column":84}},"44":{"start":{"line":74,"column":12},"end":{"line":74,"column":30}},"45":{"start":{"line":77,"column":8},"end":{"line":77,"column":35}},"46":{"start":{"line":81,"column":0},"end":{"line":81,"column":39}}},"fnMap":{"0":{"name":"(anonymous_8)","decl":{"start":{"line":8,"column":4},"end":{"line":8,"column":null}},"loc":{"start":{"line":8,"column":4},"end":{"line":10,"column":5}}},"1":{"name":"(anonymous_9)","decl":{"start":{"line":11,"column":10},"end":{"line":11,"column":16}},"loc":{"start":{"line":11,"column":48},"end":{"line":36,"column":null}}},"2":{"name":"(anonymous_12)","decl":{"start":{"line":38,"column":10},"end":{"line":38,"column":21}},"loc":{"start":{"line":38,"column":53},"end":{"line":42,"column":null}}},"3":{"name":"(anonymous_14)","decl":{"start":{"line":44,"column":10},"end":{"line":44,"column":16}},"loc":{"start":{"line":44,"column":48},"end":{"line":56,"column":null}}},"4":{"name":"(anonymous_17)","decl":{"start":{"line":58,"column":10},"end":{"line":58,"column":13}},"loc":{"start":{"line":58,"column":45},"end":{"line":78,"column":null}}},"5":{"name":"(anonymous_20)","decl":{"start":{"line":73,"column":49},"end":{"line":73,"column":50}},"loc":{"start":{"line":73,"column":57},"end":{"line":73,"column":84}}}},"branchMap":{"0":{"loc":{"start":{"line":12,"column":23},"end":{"line":12,"column":45}},"type":"cond-expr","locations":[{"start":{"line":12,"column":40},"end":{"line":12,"column":42}},{"start":{"line":12,"column":40},"end":{"line":12,"column":45}}]},"1":{"loc":{"start":{"line":12,"column":23},"end":{"line":12,"column":42}},"type":"binary-expr","locations":[{"start":{"line":12,"column":23},"end":{"line":12,"column":42}},{"start":{"line":12,"column":40},"end":{"line":12,"column":42}}]},"2":{"loc":{"start":{"line":15,"column":23},"end":{"line":15,"column":72}},"type":"cond-expr","locations":[{"start":{"line":15,"column":41},"end":{"line":15,"column":56}},{"start":{"line":15,"column":59},"end":{"line":15,"column":72}}]},"3":{"loc":{"start":{"line":23,"column":8},"end":{"line":25,"column":9}},"type":"if","locations":[{"start":{"line":23,"column":8},"end":{"line":25,"column":9}},{"start":{},"end":{}}]},"4":{"loc":{"start":{"line":30,"column":8},"end":{"line":32,"column":9}},"type":"if","locations":[{"start":{"line":30,"column":8},"end":{"line":32,"column":9}},{"start":{},"end":{}}]},"5":{"loc":{"start":{"line":45,"column":23},"end":{"line":45,"column":45}},"type":"cond-expr","locations":[{"start":{"line":45,"column":40},"end":{"line":45,"column":42}},{"start":{"line":45,"column":40},"end":{"line":45,"column":45}}]},"6":{"loc":{"start":{"line":45,"column":23},"end":{"line":45,"column":42}},"type":"binary-expr","locations":[{"start":{"line":45,"column":23},"end":{"line":45,"column":42}},{"start":{"line":45,"column":40},"end":{"line":45,"column":42}}]},"7":{"loc":{"start":{"line":48,"column":8},"end":{"line":50,"column":9}},"type":"if","locations":[{"start":{"line":48,"column":8},"end":{"line":50,"column":9}},{"start":{},"end":{}}]},"8":{"loc":{"start":{"line":51,"column":8},"end":{"line":54,"column":9}},"type":"if","locations":[{"start":{"line":51,"column":8},"end":{"line":54,"column":9}},{"start":{},"end":{}}]},"9":{"loc":{"start":{"line":59,"column":23},"end":{"line":59,"column":45}},"type":"cond-expr","locations":[{"start":{"line":59,"column":40},"end":{"line":59,"column":42}},{"start":{"line":59,"column":40},"end":{"line":59,"column":45}}]},"10":{"loc":{"start":{"line":59,"column":23},"end":{"line":59,"column":42}},"type":"binary-expr","locations":[{"start":{"line":59,"column":23},"end":{"line":59,"column":42}},{"start":{"line":59,"column":40},"end":{"line":59,"column":42}}]},"11":{"loc":{"start":{"line":62,"column":8},"end":{"line":64,"column":9}},"type":"if","locations":[{"start":{"line":62,"column":8},"end":{"line":64,"column":9}},{"start":{},"end":{}}]},"12":{"loc":{"start":{"line":65,"column":8},"end":{"line":68,"column":9}},"type":"if","locations":[{"start":{"line":65,"column":8},"end":{"line":68,"column":9}},{"start":{},"end":{}}]},"13":{"loc":{"start":{"line":72,"column":8},"end":{"line":75,"column":9}},"type":"if","locations":[{"start":{"line":72,"column":8},"end":{"line":75,"column":9}},{"start":{},"end":{}}]}},"s":{"0":4,"1":4,"2":4,"3":4,"4":4,"5":4,"6":4,"7":4,"8":4,"9":4,"10":4,"11":4,"12":0,"13":4,"14":4,"15":4,"16":0,"17":4,"18":4,"19":4,"20":1,"21":1,"22":1,"23":1,"24":1,"25":1,"26":1,"27":0,"28":1,"29":0,"30":0,"31":1,"32":1,"33":1,"34":1,"35":1,"36":0,"37":1,"38":0,"39":0,"40":1,"41":1,"42":1,"43":3,"44":1,"45":1,"46":4},"f":{"0":4,"1":4,"2":1,"3":1,"4":1,"5":3},"b":{"0":[0,4],"1":[4,4],"2":[0,4],"3":[0,4],"4":[0,4],"5":[0,1],"6":[1,1],"7":[0,1],"8":[0,1],"9":[0,1],"10":[1,1],"11":[0,1],"12":[0,1],"13":[1,0]}}
,"C:\\Users\\User\\Desktop\\ThirdYear\\פיתוח אפליקציות אינטרנטיות\\WebDev2Ex2\\src\\controllers\\postContoller.ts": {"path":"C:\\Users\\User\\Desktop\\ThirdYear\\פיתוח אפליקציות אינטרנטיות\\WebDev2Ex2\\src\\controllers\\postContoller.ts","statementMap":{"0":{"start":{"line":2,"column":0},"end":{"line":2,"column":44}},"1":{"start":{"line":3,"column":0},"end":{"line":3,"column":46}},"2":{"start":{"line":6,"column":0},"end":{"line":6,"column":50}},"3":{"start":{"line":10,"column":8},"end":{"line":10,"column":25}},"4":{"start":{"line":13,"column":23},"end":{"line":13,"column":45}},"5":{"start":{"line":14,"column":20},"end":{"line":14,"column":28}},"6":{"start":{"line":15,"column":8},"end":{"line":15,"column":31}},"7":{"start":{"line":16,"column":8},"end":{"line":16,"column":38}},"8":{"start":{"line":20,"column":23},"end":{"line":20,"column":45}},"9":{"start":{"line":21,"column":23},"end":{"line":21,"column":36}},"10":{"start":{"line":22,"column":21},"end":{"line":22,"column":53}},"11":{"start":{"line":23,"column":8},"end":{"line":25,"column":9}},"12":{"start":{"line":24,"column":12},"end":{"line":24,"column":19}},"13":{"start":{"line":26,"column":8},"end":{"line":29,"column":9}},"14":{"start":{"line":27,"column":11},"end":{"line":27,"column":94}},"15":{"start":{"line":28,"column":11},"end":{"line":28,"column":18}},"16":{"start":{"line":30,"column":8},"end":{"line":30,"column":38}},"17":{"start":{"line":34,"column":23},"end":{"line":34,"column":45}},"18":{"start":{"line":35,"column":23},"end":{"line":35,"column":36}},"19":{"start":{"line":36,"column":21},"end":{"line":36,"column":53}},"20":{"start":{"line":37,"column":8},"end":{"line":39,"column":9}},"21":{"start":{"line":38,"column":12},"end":{"line":38,"column":19}},"22":{"start":{"line":40,"column":8},"end":{"line":43,"column":9}},"23":{"start":{"line":41,"column":14},"end":{"line":41,"column":97}},"24":{"start":{"line":42,"column":16},"end":{"line":42,"column":23}},"25":{"start":{"line":46,"column":8},"end":{"line":46,"column":58}},"26":{"start":{"line":47,"column":8},"end":{"line":47,"column":35}},"27":{"start":{"line":51,"column":0},"end":{"line":51,"column":36}}},"fnMap":{"0":{"name":"(anonymous_8)","decl":{"start":{"line":9,"column":4},"end":{"line":9,"column":null}},"loc":{"start":{"line":9,"column":4},"end":{"line":11,"column":5}}},"1":{"name":"(anonymous_9)","decl":{"start":{"line":12,"column":10},"end":{"line":12,"column":16}},"loc":{"start":{"line":12,"column":48},"end":{"line":17,"column":null}}},"2":{"name":"(anonymous_12)","decl":{"start":{"line":19,"column":10},"end":{"line":19,"column":16}},"loc":{"start":{"line":19,"column":48},"end":{"line":31,"column":null}}},"3":{"name":"(anonymous_15)","decl":{"start":{"line":33,"column":10},"end":{"line":33,"column":13}},"loc":{"start":{"line":33,"column":45},"end":{"line":48,"column":null}}}},"branchMap":{"0":{"loc":{"start":{"line":13,"column":23},"end":{"line":13,"column":45}},"type":"cond-expr","locations":[{"start":{"line":13,"column":40},"end":{"line":13,"column":42}},{"start":{"line":13,"column":40},"end":{"line":13,"column":45}}]},"1":{"loc":{"start":{"line":13,"column":23},"end":{"line":13,"column":42}},"type":"binary-expr","locations":[{"start":{"line":13,"column":23},"end":{"line":13,"column":42}},{"start":{"line":13,"column":40},"end":{"line":13,"column":42}}]},"2":{"loc":{"start":{"line":20,"column":23},"end":{"line":20,"column":45}},"type":"cond-expr","locations":[{"start":{"line":20,"column":40},"end":{"line":20,"column":42}},{"start":{"line":20,"column":40},"end":{"line":20,"column":45}}]},"3":{"loc":{"start":{"line":20,"column":23},"end":{"line":20,"column":42}},"type":"binary-expr","locations":[{"start":{"line":20,"column":23},"end":{"line":20,"column":42}},{"start":{"line":20,"column":40},"end":{"line":20,"column":42}}]},"4":{"loc":{"start":{"line":23,"column":8},"end":{"line":25,"column":9}},"type":"if","locations":[{"start":{"line":23,"column":8},"end":{"line":25,"column":9}},{"start":{},"end":{}}]},"5":{"loc":{"start":{"line":26,"column":8},"end":{"line":29,"column":9}},"type":"if","locations":[{"start":{"line":26,"column":8},"end":{"line":29,"column":9}},{"start":{},"end":{}}]},"6":{"loc":{"start":{"line":34,"column":23},"end":{"line":34,"column":45}},"type":"cond-expr","locations":[{"start":{"line":34,"column":40},"end":{"line":34,"column":42}},{"start":{"line":34,"column":40},"end":{"line":34,"column":45}}]},"7":{"loc":{"start":{"line":34,"column":23},"end":{"line":34,"column":42}},"type":"binary-expr","locations":[{"start":{"line":34,"column":23},"end":{"line":34,"column":42}},{"start":{"line":34,"column":40},"end":{"line":34,"column":42}}]},"8":{"loc":{"start":{"line":37,"column":8},"end":{"line":39,"column":9}},"type":"if","locations":[{"start":{"line":37,"column":8},"end":{"line":39,"column":9}},{"start":{},"end":{}}]},"9":{"loc":{"start":{"line":40,"column":8},"end":{"line":43,"column":9}},"type":"if","locations":[{"start":{"line":40,"column":8},"end":{"line":43,"column":9}},{"start":{},"end":{}}]}},"s":{"0":4,"1":4,"2":4,"3":4,"4":6,"5":6,"6":6,"7":6,"8":1,"9":1,"10":1,"11":1,"12":0,"13":1,"14":0,"15":0,"16":1,"17":1,"18":1,"19":1,"20":1,"21":0,"22":1,"23":0,"24":0,"25":1,"26":1,"27":4},"f":{"0":4,"1":6,"2":1,"3":1},"b":{"0":[0,6],"1":[6,6],"2":[0,1],"3":[1,1],"4":[0,1],"5":[0,1],"6":[0,1],"7":[1,1],"8":[0,1],"9":[0,1]}}
,"C:\\Users\\User\\Desktop\\ThirdYear\\פיתוח אפליקציות אינטרנטיות\\WebDev2Ex2\\src\\controllers\\userController.ts": {"path":"C:\\Users\\User\\Desktop\\ThirdYear\\פיתוח אפליקציות אינטרנטיות\\WebDev2Ex2\\src\\controllers\\userController.ts","statementMap":{"0":{"start":{"line":1,"column":0},"end":{"line":1,"column":44}},"1":{"start":{"line":2,"column":0},"end":{"line":2,"column":46}},"2":{"start":{"line":4,"column":23},"end":{"line":4,"column":52}},"3":{"start":{"line":6,"column":0},"end":{"line":6,"column":30}}},"fnMap":{},"branchMap":{},"s":{"0":4,"1":4,"2":4,"3":4},"f":{},"b":{}}
,"C:\\Users\\User\\Desktop\\ThirdYear\\פיתוח אפליקציות אינטרנטיות\\WebDev2Ex2\\src\\middleware\\authMiddleware.ts": {"path":"C:\\Users\\User\\Desktop\\ThirdYear\\פיתוח אפליקציות אינטרנטיות\\WebDev2Ex2\\src\\middleware\\authMiddleware.ts","statementMap":{"0":{"start":{"line":2,"column":0},"end":{"line":2,"column":31}},"1":{"start":{"line":7,"column":23},"end":{"line":24,"column":1}},"2":{"start":{"line":8,"column":23},"end":{"line":8,"column":48}},"3":{"start":{"line":9,"column":4},"end":{"line":11,"column":5}},"4":{"start":{"line":10,"column":8},"end":{"line":10,"column":84}},"5":{"start":{"line":13,"column":18},"end":{"line":13,"column":42}},"6":{"start":{"line":14,"column":26},"end":{"line":14,"column":67}},"7":{"start":{"line":16,"column":4},"end":{"line":23,"column":5}},"8":{"start":{"line":17,"column":24},"end":{"line":17,"column":70}},"9":{"start":{"line":18,"column":8},"end":{"line":18,"column":43}},"10":{"start":{"line":19,"column":8},"end":{"line":19,"column":15}},"11":{"start":{"line":22,"column":8},"end":{"line":22,"column":78}},"12":{"start":{"line":26,"column":0},"end":{"line":26,"column":30}}},"fnMap":{"0":{"name":"(anonymous_1)","decl":{"start":{"line":7,"column":23},"end":{"line":7,"column":24}},"loc":{"start":{"line":7,"column":79},"end":{"line":24,"column":1}}}},"branchMap":{"0":{"loc":{"start":{"line":9,"column":4},"end":{"line":11,"column":5}},"type":"if","locations":[{"start":{"line":9,"column":4},"end":{"line":11,"column":5}},{"start":{},"end":{}}]},"1":{"loc":{"start":{"line":9,"column":8},"end":{"line":9,"column":56}},"type":"binary-expr","locations":[{"start":{"line":9,"column":8},"end":{"line":9,"column":19}},{"start":{"line":9,"column":23},"end":{"line":9,"column":56}}]},"2":{"loc":{"start":{"line":14,"column":26},"end":{"line":14,"column":67}},"type":"binary-expr","locations":[{"start":{"line":14,"column":26},"end":{"line":14,"column":48}},{"start":{"line":14,"column":52},"end":{"line":14,"column":67}}]}},"s":{"0":4,"1":4,"2":19,"3":19,"4":1,"5":18,"6":18,"7":18,"8":18,"9":16,"10":16,"11":2,"12":4},"f":{"0":19},"b":{"0":[1,18],"1":[19,18],"2":[18,0]}}
,"C:\\Users\\User\\Desktop\\ThirdYear\\פיתוח אפליקציות אינטרנטיות\\WebDev2Ex2\\src\\models\\commentModel.ts": {"path":"C:\\Users\\User\\Desktop\\ThirdYear\\פיתוח אפליקציות אינטרנטיות\\WebDev2Ex2\\src\\models\\commentModel.ts","statementMap":{"0":{"start":{"line":1,"column":0},"end":{"line":1,"column":32}},"1":{"start":{"line":3,"column":22},"end":{"line":7,"column":24}},"2":{"start":{"line":9,"column":0},"end":{"line":9,"column":56}}},"fnMap":{},"branchMap":{},"s":{"0":4,"1":4,"2":4},"f":{},"b":{}}
,"C:\\Users\\User\\Desktop\\ThirdYear\\פיתוח אפליקציות אינטרנטיות\\WebDev2Ex2\\src\\models\\postModel.ts": {"path":"C:\\Users\\User\\Desktop\\ThirdYear\\פיתוח אפליקציות אינטרנטיות\\WebDev2Ex2\\src\\models\\postModel.ts","statementMap":{"0":{"start":{"line":2,"column":0},"end":{"line":2,"column":32}},"1":{"start":{"line":4,"column":19},"end":{"line":10,"column":21}},"2":{"start":{"line":12,"column":0},"end":{"line":12,"column":50}}},"fnMap":{},"branchMap":{},"s":{"0":4,"1":4,"2":4},"f":{},"b":{}}
,"C:\\Users\\User\\Desktop\\ThirdYear\\פיתוח אפליקציות אינטרנטיות\\WebDev2Ex2\\src\\models\\userModel.ts": {"path":"C:\\Users\\User\\Desktop\\ThirdYear\\פיתוח אפליקציות אינטרנטיות\\WebDev2Ex2\\src\\models\\userModel.ts","statementMap":{"0":{"start":{"line":1,"column":0},"end":{"line":1,"column":32}},"1":{"start":{"line":3,"column":19},"end":{"line":17,"column":2}},"2":{"start":{"line":19,"column":0},"end":{"line":19,"column":50}}},"fnMap":{},"branchMap":{},"s":{"0":4,"1":4,"2":4},"f":{},"b":{}}
,"C:\\Users\\User\\Desktop\\ThirdYear\\פיתוח אפליקציות אינטרנטיות\\WebDev2Ex2\\src\\routes\\authRoute.ts": {"path":"C:\\Users\\User\\Desktop\\ThirdYear\\פיתוח אפליקציות אינטרנטיות\\WebDev2Ex2\\src\\routes\\authRoute.ts","statementMap":{"0":{"start":{"line":1,"column":0},"end":{"line":1,"column":30}},"1":{"start":{"line":2,"column":15},"end":{"line":2,"column":31}},"2":{"start":{"line":3,"column":0},"end":{"line":3,"column":59}},"3":{"start":{"line":136,"column":0},"end":{"line":136,"column":50}},"4":{"start":{"line":138,"column":0},"end":{"line":138,"column":44}},"5":{"start":{"line":140,"column":0},"end":{"line":140,"column":59}},"6":{"start":{"line":142,"column":0},"end":{"line":142,"column":46}},"7":{"start":{"line":143,"column":0},"end":{"line":143,"column":22}}},"fnMap":{},"branchMap":{},"s":{"0":4,"1":4,"2":4,"3":4,"4":4,"5":4,"6":4,"7":4},"f":{},"b":{}}
,"C:\\Users\\User\\Desktop\\ThirdYear\\פיתוח אפליקציות אינטרנטיות\\WebDev2Ex2\\src\\routes\\commentRoute.ts": {"path":"C:\\Users\\User\\Desktop\\ThirdYear\\פיתוח אפליקציות אינטרנטיות\\WebDev2Ex2\\src\\routes\\commentRoute.ts","statementMap":{"0":{"start":{"line":1,"column":0},"end":{"line":1,"column":30}},"1":{"start":{"line":2,"column":0},"end":{"line":2,"column":58}},"2":{"start":{"line":3,"column":0},"end":{"line":3,"column":65}},"3":{"start":{"line":5,"column":15},"end":{"line":5,"column":31}},"4":{"start":{"line":106,"column":0},"end":{"line":106,"column":66}},"5":{"start":{"line":107,"column":0},"end":{"line":107,"column":70}},"6":{"start":{"line":108,"column":0},"end":{"line":108,"column":85}},"7":{"start":{"line":109,"column":0},"end":{"line":109,"column":85}},"8":{"start":{"line":111,"column":0},"end":{"line":111,"column":22}}},"fnMap":{},"branchMap":{},"s":{"0":4,"1":4,"2":4,"3":4,"4":4,"5":4,"6":4,"7":4,"8":4},"f":{},"b":{}}
,"C:\\Users\\User\\Desktop\\ThirdYear\\פיתוח אפליקציות אינטרנטיות\\WebDev2Ex2\\src\\routes\\postRoute.ts": {"path":"C:\\Users\\User\\Desktop\\ThirdYear\\פיתוח אפליקציות אינטרנטיות\\WebDev2Ex2\\src\\routes\\postRoute.ts","statementMap":{"0":{"start":{"line":1,"column":0},"end":{"line":1,"column":30}},"1":{"start":{"line":2,"column":0},"end":{"line":2,"column":58}},"2":{"start":{"line":3,"column":0},"end":{"line":3,"column":58}},"3":{"start":{"line":4,"column":0},"end":{"line":4,"column":65}},"4":{"start":{"line":6,"column":15},"end":{"line":6,"column":31}},"5":{"start":{"line":162,"column":0},"end":{"line":162,"column":60}},"6":{"start":{"line":164,"column":0},"end":{"line":164,"column":64}},"7":{"start":{"line":166,"column":0},"end":{"line":166,"column":83}},"8":{"start":{"line":168,"column":0},"end":{"line":168,"column":77}},"9":{"start":{"line":170,"column":0},"end":{"line":170,"column":94}},"10":{"start":{"line":172,"column":0},"end":{"line":172,"column":79}},"11":{"start":{"line":174,"column":0},"end":{"line":174,"column":79}},"12":{"start":{"line":176,"column":0},"end":{"line":176,"column":22}}},"fnMap":{},"branchMap":{},"s":{"0":4,"1":4,"2":4,"3":4,"4":4,"5":4,"6":4,"7":4,"8":4,"9":4,"10":4,"11":4,"12":4},"f":{},"b":{}}
,"C:\\Users\\User\\Desktop\\ThirdYear\\פיתוח אפליקציות אינטרנטיות\\WebDev2Ex2\\src\\routes\\userRoute.ts": {"path":"C:\\Users\\User\\Desktop\\ThirdYear\\פיתוח אפליקציות אינטרנטיות\\WebDev2Ex2\\src\\routes\\userRoute.ts","statementMap":{"0":{"start":{"line":1,"column":0},"end":{"line":1,"column":30}},"1":{"start":{"line":2,"column":0},"end":{"line":2,"column":58}},"2":{"start":{"line":3,"column":0},"end":{"line":3,"column":59}},"3":{"start":{"line":5,"column":15},"end":{"line":5,"column":31}},"4":{"start":{"line":102,"column":0},"end":{"line":102,"column":60}},"5":{"start":{"line":104,"column":0},"end":{"line":104,"column":64}},"6":{"start":{"line":106,"column":0},"end":{"line":106,"column":79}},"7":{"start":{"line":108,"column":0},"end":{"line":108,"column":79}},"8":{"start":{"line":110,"column":0},"end":{"line":110,"column":22}}},"fnMap":{},"branchMap":{},"s":{"0":4,"1":4,"2":4,"3":4,"4":4,"5":4,"6":4,"7":4,"8":4},"f":{},"b":{}}
,"C:\\Users\\User\\Desktop\\ThirdYear\\פיתוח אפליקציות אינטרנטיות\\WebDev2Ex2\\src\\tests\\testUtils.ts": {"path":"C:\\Users\\User\\Desktop\\ThirdYear\\פיתוח אפליקציות אינטרנטיות\\WebDev2Ex2\\src\\tests\\testUtils.ts","statementMap":{"0":{"start":{"line":2,"column":0},"end":{"line":2,"column":32}},"1":{"start":{"line":3,"column":0},"end":{"line":3,"column":39}},"2":{"start":{"line":13,"column":13},"end":{"line":13,"column":83}},"3":{"start":{"line":14,"column":13},"end":{"line":14,"column":145}},"4":{"start":{"line":24,"column":13},"end":{"line":34,"column":2}},"5":{"start":{"line":42,"column":13},"end":{"line":52,"column":2}},"6":{"start":{"line":54,"column":32},"end":{"line":61,"column":null}},"7":{"start":{"line":54,"column":55},"end":{"line":61,"column":null}},"8":{"start":{"line":55,"column":4},"end":{"line":55,"column":53}},"9":{"start":{"line":57,"column":21},"end":{"line":57,"column":77}},"10":{"start":{"line":58,"column":4},"end":{"line":58,"column":37}},"11":{"start":{"line":59,"column":4},"end":{"line":59,"column":41}},"12":{"start":{"line":60,"column":4},"end":{"line":60,"column":20}},"13":{"start":{"line":54,"column":13},"end":{"line":54,"column":32}}},"fnMap":{"0":{"name":"(anonymous_8)","decl":{"start":{"line":54,"column":32},"end":{"line":54,"column":39}},"loc":{"start":{"line":54,"column":55},"end":{"line":61,"column":null}}},"1":{"name":"(anonymous_9)","decl":{"start":{"line":54,"column":55},"end":{"line":54,"column":null}},"loc":{"start":{"line":54,"column":55},"end":{"line":61,"column":1}}}},"branchMap":{},"s":{"0":4,"1":4,"2":4,"3":4,"4":4,"5":4,"6":4,"7":2,"8":2,"9":2,"10":2,"11":2,"12":2,"13":4},"f":{"0":2,"1":2},"b":{}}
}
