TN:
SF:src\index.ts
FN:22,(anonymous_1)
FN:23,(anonymous_2)
FN:30,(anonymous_3)
FN:34,(anonymous_4)
FN:35,(anonymous_5)
FNF:5
FNH:4
FNDA:4,(anonymous_1)
FNDA:4,(anonymous_2)
FNDA:4,(anonymous_3)
FNDA:0,(anonymous_4)
FNDA:4,(anonymous_5)
DA:1,4
DA:2,4
DA:3,4
DA:4,4
DA:6,4
DA:7,4
DA:8,4
DA:9,4
DA:11,4
DA:12,4
DA:14,4
DA:15,4
DA:16,4
DA:17,4
DA:18,4
DA:19,4
DA:20,4
DA:22,4
DA:23,4
DA:24,4
DA:25,4
DA:26,0
DA:27,0
DA:29,4
DA:31,4
DA:33,4
DA:34,4
DA:35,4
DA:38,4
DA:41,4
LF:30
LH:28
BRDA:25,0,0,0
BRDA:25,0,1,4
BRF:2
BRH:1
end_of_record
TN:
SF:src\swagger.ts
FNF:0
FNH:0
DA:1,4
DA:129,4
LF:2
LH:2
BRF:0
BRH:0
end_of_record
TN:
SF:src\controllers\authController.ts
FN:11,(anonymous_8)
FN:18,(anonymous_9)
FN:28,(anonymous_10)
FN:28,(anonymous_11)
FN:60,(anonymous_12)
FN:60,(anonymous_13)
FN:92,(anonymous_14)
FN:92,(anonymous_15)
FN:116,(anonymous_16)
FN:116,(anonymous_17)
FNF:10
FNH:10
FNDA:3,(anonymous_8)
FNDA:10,(anonymous_9)
FNDA:6,(anonymous_10)
FNDA:6,(anonymous_11)
FNDA:1,(anonymous_12)
FNDA:1,(anonymous_13)
FNDA:1,(anonymous_14)
FNDA:1,(anonymous_15)
FNDA:6,(anonymous_16)
FNDA:6,(anonymous_17)
DA:2,4
DA:3,4
DA:4,4
DA:11,4
DA:12,3
DA:18,4
DA:19,10
DA:20,10
DA:21,10
DA:22,10
DA:23,10
DA:24,10
DA:25,10
DA:28,6
DA:30,6
DA:33,6
DA:34,0
DA:36,6
DA:39,6
DA:40,6
DA:43,6
DA:46,6
DA:49,6
DA:50,6
DA:53,6
DA:56,0
DA:60,4
DA:61,1
DA:62,1
DA:63,0
DA:66,1
DA:67,1
DA:68,1
DA:69,0
DA:71,1
DA:72,1
DA:73,0
DA:77,1
DA:80,1
DA:81,1
DA:84,1
DA:88,0
DA:92,4
DA:93,1
DA:94,1
DA:95,0
DA:97,1
DA:98,1
DA:107,1
DA:108,0
DA:110,1
DA:112,0
DA:116,6
DA:117,6
DA:118,6
DA:119,0
DA:121,6
DA:122,6
DA:123,6
DA:125,6
DA:137,6
DA:138,3
DA:141,3
DA:143,3
DA:145,3
DA:149,3
DA:151,0
DA:156,4
LF:68
LH:57
BRDA:11,0,0,0
BRDA:19,1,0,10
BRDA:19,1,1,0
BRDA:20,2,0,10
BRDA:20,2,1,0
BRDA:21,3,0,10
BRDA:21,3,1,0
BRDA:22,4,0,10
BRDA:22,4,1,0
BRDA:33,5,0,0
BRDA:33,5,1,6
BRDA:33,6,0,6
BRDA:33,6,1,6
BRDA:62,7,0,0
BRDA:62,7,1,1
BRDA:62,8,0,1
BRDA:62,8,1,1
BRDA:68,9,0,0
BRDA:68,9,1,1
BRDA:72,10,0,0
BRDA:72,10,1,1
BRDA:94,11,0,0
BRDA:94,11,1,1
BRDA:107,12,0,0
BRDA:107,12,1,1
BRDA:118,13,0,0
BRDA:118,13,1,6
BRDA:122,14,0,6
BRDA:122,14,1,0
BRDA:137,15,0,3
BRDA:137,15,1,3
BRF:31
BRH:18
end_of_record
TN:
SF:src\controllers\baseController.ts
FN:6,(anonymous_7)
FN:9,(anonymous_8)
FN:24,(anonymous_10)
FN:39,(anonymous_12)
FN:50,(anonymous_14)
FN:64,(anonymous_16)
FNF:6
FNH:6
FNDA:12,(anonymous_7)
FNDA:5,(anonymous_8)
FNDA:11,(anonymous_10)
FNDA:10,(anonymous_12)
FNDA:3,(anonymous_14)
FNDA:3,(anonymous_16)
DA:7,12
DA:10,5
DA:11,5
DA:12,5
DA:13,5
DA:15,0
DA:16,0
DA:19,0
DA:20,0
DA:25,11
DA:26,11
DA:27,11
DA:29,11
DA:30,4
DA:32,7
DA:34,0
DA:35,0
DA:40,10
DA:41,10
DA:42,10
DA:43,10
DA:45,0
DA:46,0
DA:51,3
DA:52,3
DA:53,3
DA:54,3
DA:55,0
DA:57,3
DA:59,0
DA:60,0
DA:65,3
DA:66,3
DA:67,3
DA:68,3
DA:71,3
DA:73,0
DA:74,0
DA:79,4
LF:39
LH:26
BRDA:11,0,0,5
BRDA:11,0,1,0
BRDA:29,1,0,4
BRDA:29,1,1,7
BRDA:54,2,0,0
BRDA:54,2,1,3
BRF:6
BRH:4
end_of_record
TN:
SF:src\controllers\commentController.ts
FN:8,(anonymous_8)
FN:11,(anonymous_9)
FN:38,(anonymous_12)
FN:44,(anonymous_14)
FN:58,(anonymous_17)
FN:73,(anonymous_20)
FNF:6
FNH:6
FNDA:4,(anonymous_8)
FNDA:4,(anonymous_9)
FNDA:1,(anonymous_12)
FNDA:1,(anonymous_14)
FNDA:1,(anonymous_17)
FNDA:3,(anonymous_20)
DA:1,4
DA:2,4
DA:3,4
DA:9,4
DA:12,4
DA:13,4
DA:14,4
DA:15,4
DA:16,4
DA:19,4
DA:22,4
DA:23,4
DA:24,0
DA:26,4
DA:29,4
DA:30,4
DA:31,0
DA:33,4
DA:34,4
DA:35,4
DA:39,1
DA:40,1
DA:41,1
DA:45,1
DA:46,1
DA:47,1
DA:48,1
DA:49,0
DA:51,1
DA:52,0
DA:53,0
DA:55,1
DA:59,1
DA:60,1
DA:61,1
DA:62,1
DA:63,0
DA:65,1
DA:66,0
DA:67,0
DA:71,1
DA:72,1
DA:73,3
DA:74,1
DA:77,1
DA:81,4
LF:46
LH:38
BRDA:12,0,0,0
BRDA:12,0,1,4
BRDA:12,1,0,4
BRDA:12,1,1,4
BRDA:15,2,0,0
BRDA:15,2,1,4
BRDA:23,3,0,0
BRDA:23,3,1,4
BRDA:30,4,0,0
BRDA:30,4,1,4
BRDA:45,5,0,0
BRDA:45,5,1,1
BRDA:45,6,0,1
BRDA:45,6,1,1
BRDA:48,7,0,0
BRDA:48,7,1,1
BRDA:51,8,0,0
BRDA:51,8,1,1
BRDA:59,9,0,0
BRDA:59,9,1,1
BRDA:59,10,0,1
BRDA:59,10,1,1
BRDA:62,11,0,0
BRDA:62,11,1,1
BRDA:65,12,0,0
BRDA:65,12,1,1
BRDA:72,13,0,1
BRDA:72,13,1,0
BRF:28
BRH:17
end_of_record
TN:
SF:src\controllers\postContoller.ts
FN:9,(anonymous_8)
FN:12,(anonymous_9)
FN:19,(anonymous_12)
FN:33,(anonymous_15)
FNF:4
FNH:4
FNDA:4,(anonymous_8)
FNDA:6,(anonymous_9)
FNDA:1,(anonymous_12)
FNDA:1,(anonymous_15)
DA:2,4
DA:3,4
DA:6,4
DA:10,4
DA:13,6
DA:14,6
DA:15,6
DA:16,6
DA:20,1
DA:21,1
DA:22,1
DA:23,1
DA:24,0
DA:26,1
DA:27,0
DA:28,0
DA:30,1
DA:34,1
DA:35,1
DA:36,1
DA:37,1
DA:38,0
DA:40,1
DA:41,0
DA:42,0
DA:46,1
DA:47,1
DA:51,4
LF:28
LH:22
BRDA:13,0,0,0
BRDA:13,0,1,6
BRDA:13,1,0,6
BRDA:13,1,1,6
BRDA:20,2,0,0
BRDA:20,2,1,1
BRDA:20,3,0,1
BRDA:20,3,1,1
BRDA:23,4,0,0
BRDA:23,4,1,1
BRDA:26,5,0,0
BRDA:26,5,1,1
BRDA:34,6,0,0
BRDA:34,6,1,1
BRDA:34,7,0,1
BRDA:34,7,1,1
BRDA:37,8,0,0
BRDA:37,8,1,1
BRDA:40,9,0,0
BRDA:40,9,1,1
BRF:20
BRH:13
end_of_record
TN:
SF:src\controllers\userController.ts
FNF:0
FNH:0
DA:1,4
DA:2,4
DA:4,4
DA:6,4
LF:4
LH:4
BRF:0
BRH:0
end_of_record
TN:
SF:src\middleware\authMiddleware.ts
FN:7,(anonymous_1)
FNF:1
FNH:1
FNDA:19,(anonymous_1)
DA:2,4
DA:7,4
DA:8,19
DA:9,19
DA:10,1
DA:13,18
DA:14,18
DA:16,18
DA:17,18
DA:18,16
DA:19,16
DA:22,2
DA:26,4
LF:13
LH:13
BRDA:9,0,0,1
BRDA:9,0,1,18
BRDA:9,1,0,19
BRDA:9,1,1,18
BRDA:14,2,0,18
BRDA:14,2,1,0
BRF:6
BRH:5
end_of_record
TN:
SF:src\models\commentModel.ts
FNF:0
FNH:0
DA:1,4
DA:3,4
DA:9,4
LF:3
LH:3
BRF:0
BRH:0
end_of_record
TN:
SF:src\models\postModel.ts
FNF:0
FNH:0
DA:2,4
DA:4,4
DA:12,4
LF:3
LH:3
BRF:0
BRH:0
end_of_record
TN:
SF:src\models\userModel.ts
FNF:0
FNH:0
DA:1,4
DA:3,4
DA:19,4
LF:3
LH:3
BRF:0
BRH:0
end_of_record
TN:
SF:src\routes\authRoute.ts
FNF:0
FNH:0
DA:1,4
DA:2,4
DA:3,4
DA:136,4
DA:138,4
DA:140,4
DA:142,4
DA:143,4
LF:8
LH:8
BRF:0
BRH:0
end_of_record
TN:
SF:src\routes\commentRoute.ts
FNF:0
FNH:0
DA:1,4
DA:2,4
DA:3,4
DA:5,4
DA:106,4
DA:107,4
DA:108,4
DA:109,4
DA:111,4
LF:9
LH:9
BRF:0
BRH:0
end_of_record
TN:
SF:src\routes\postRoute.ts
FNF:0
FNH:0
DA:1,4
DA:2,4
DA:3,4
DA:4,4
DA:6,4
DA:162,4
DA:164,4
DA:166,4
DA:168,4
DA:170,4
DA:172,4
DA:174,4
DA:176,4
LF:13
LH:13
BRF:0
BRH:0
end_of_record
TN:
SF:src\routes\userRoute.ts
FNF:0
FNH:0
DA:1,4
DA:2,4
DA:3,4
DA:5,4
DA:102,4
DA:104,4
DA:106,4
DA:108,4
DA:110,4
LF:9
LH:9
BRF:0
BRH:0
end_of_record
TN:
SF:src\tests\testUtils.ts
FN:54,(anonymous_8)
FN:54,(anonymous_9)
FNF:2
FNH:2
FNDA:2,(anonymous_8)
FNDA:2,(anonymous_9)
DA:2,4
DA:3,4
DA:13,4
DA:14,4
DA:24,4
DA:42,4
DA:54,4
DA:55,2
DA:57,2
DA:58,2
DA:59,2
DA:60,2
LF:12
LH:12
BRF:0
BRH:0
end_of_record
